<?xml version="1.0" encoding="UTF-8"?>
<!-- Generated by org.testng.reporters.JUnitReportReporter -->
<testsuite skipped="0" hostname="DESKTOP-33UTRSE" name="ebanq.test.EBanqTest" tests="2" failures="0" timestamp="2022-10-02T20:54:55 IST" time="36.456" errors="0">
  <testcase name="verifyWelcomeMsg" time="15.647" classname="ebanq.test.EBanqTest"/>
  <system-out/>
  <testcase name="verifySuccessMsg" time="20.809" classname="ebanq.test.EBanqTest"/>
  <system-out/>
</testsuite> <!-- ebanq.test.EBanqTest -->
